1577177415608	mozrunner::runner	INFO	Running command: "C:\\Program Files (x86)\\Mozilla Firefox\\firefox.exe" "-marionette" "-foreground" "-no-remote" "-profile" "C:\\Users\\DELBER~1\\AppData\\Local\\Temp\\rust_mozprofileXBUzxG"
1577177416824	addons.xpi-utils	WARN	updateMetadata: Add-on anticontainer@downthemall.net is invalid: Error: File C:\Users\Delbert_F\AppData\Local\Temp\rust_mozprofileXBUzxG\extensions\anticontainer@downthemall.net.xpi does not contain a valid manifest(resource://gre/modules/addons/XPIInstall.jsm:670:11) JS Stack trace: loadManifest@XPIInstall.jsm:670:11
awaitPromise@XPIProvider.jsm:226:15
syncLoadManifest@XPIInstall.jsm:754:22
updateMetadata@XPIDatabase.jsm:2817:32
updateExistingAddon@XPIDatabase.jsm:3033:23
processFileChanges@XPIDatabase.jsm:3120:31
checkForChanges@XPIProvider.jsm:2924:55
startup@XPIProvider.jsm:2384:12
callProvider@AddonManager.jsm:215:31
_startProvider@AddonManager.jsm:651:17
startup@AddonManager.jsm:875:14
startup@AddonManager.jsm:3534:26
observe@addonManager.js:87:29
1577177416844	addons.xpi-utils	WARN	updateMetadata: Add-on dta3noaero@vano is invalid: Error: File C:\Users\Delbert_F\AppData\Local\Temp\rust_mozprofileXBUzxG\extensions\dta3noaero@vano.xpi does not contain a valid manifest(resource://gre/modules/addons/XPIInstall.jsm:670:11) JS Stack trace: loadManifest@XPIInstall.jsm:670:11
awaitPromise@XPIProvider.jsm:226:15
syncLoadManifest@XPIInstall.jsm:754:22
updateMetadata@XPIDatabase.jsm:2817:32
updateExistingAddon@XPIDatabase.jsm:3033:23
processFileChanges@XPIDatabase.jsm:3120:31
checkForChanges@XPIProvider.jsm:2924:55
startup@XPIProvider.jsm:2384:12
callProvider@AddonManager.jsm:215:31
_startProvider@AddonManager.jsm:651:17
startup@AddonManager.jsm:875:14
startup@AddonManager.jsm:3534:26
observe@addonManager.js:87:29
1577177417803	addons.webextension.<unknown>	WARN	Loading extension 'null': Reading manifest: Warning processing externally_connectable: An unexpected property was found in the WebExtension manifest.
1577177418633	addons.webextension.screenshots@mozilla.org	WARN	Loading extension 'screenshots@mozilla.org': Reading manifest: Invalid extension permission: mozillaAddons
1577177418633	addons.webextension.screenshots@mozilla.org	WARN	Loading extension 'screenshots@mozilla.org': Reading manifest: Invalid extension permission: telemetry
1577177418633	addons.webextension.screenshots@mozilla.org	WARN	Loading extension 'screenshots@mozilla.org': Reading manifest: Invalid extension permission: resource://pdf.js/
1577177418633	addons.webextension.screenshots@mozilla.org	WARN	Loading extension 'screenshots@mozilla.org': Reading manifest: Invalid extension permission: about:reader*
1577177418862	addons.webextension.<unknown>	WARN	Loading extension 'null': Reading manifest: Warning processing externally_connectable: An unexpected property was found in the WebExtension manifest.
JavaScript error: resource://gre/modules/addons/XPIProvider.jsm, line 1855: Error: Cannot find loader for bootstrap
JavaScript error: resource://gre/modules/addons/XPIProvider.jsm, line 1855: Error: Cannot find loader for bootstrap
1577177419381	addons.webextension.webextension@metamask.io	WARN	Loading extension 'webextension@metamask.io': Reading manifest: Warning processing externally_connectable: An unexpected property was found in the WebExtension manifest.
JavaScript error: resource://gre/modules/XULStore.jsm, line 66: Error: Can't find profile directory.
1577177420921	Marionette	INFO	Listening on port 52338
1577177421350	Marionette	WARN	TLS certificate errors will be ignored for this session
JavaScript warning: moz-extension://2309b926-c5f5-4bf9-b4fa-97773a403fa3/bg-libs.js, line 1: TypeError: asm.js type error: expecting argument type declaration for 'e' of the form 'arg = arg|0' or 'arg = +arg' or 'arg = fround(arg)'
JavaScript warning: moz-extension://2309b926-c5f5-4bf9-b4fa-97773a403fa3/background.js, line 0: Successfully compiled asm.js code (total compilation time 3ms)
JavaScript warning: moz-extension://2309b926-c5f5-4bf9-b4fa-97773a403fa3/background.js, line 0: Successfully compiled asm.js code (total compilation time 12ms)
JavaScript warning: moz-extension://2309b926-c5f5-4bf9-b4fa-97773a403fa3/background.js, line 0: Successfully compiled asm.js code (total compilation time 5ms)
JavaScript warning: moz-extension://2309b926-c5f5-4bf9-b4fa-97773a403fa3/background.js, line 0: Successfully compiled asm.js code (total compilation time 54ms)
JavaScript warning: moz-extension://2309b926-c5f5-4bf9-b4fa-97773a403fa3/background.js, line 0: Successfully compiled asm.js code (total compilation time 1233ms)
JavaScript error: resource://gre/modules/ExtensionUtils.jsm, line 0: Error: DataCloneError: The object could not be cloned.
Extension error: TypeError: AvastWRC.bal.sp is undefined moz-extension://98fc2af2-e071-42cc-990b-5112737e3cba/scripts/bs.sp.crx.js 187
[[Exception stack
onTabUpdated/<@moz-extension://98fc2af2-e071-42cc-990b-5112737e3cba/scripts/bs.sp.crx.js:187:21
tabExists/<@moz-extension://98fc2af2-e071-42cc-990b-5112737e3cba/scripts/bs.crx.js:381:30
Current stack
applySafeWithoutClone@resource://gre/modules/ExtensionCommon.jsm:601:13
wrapPromise/<@resource://gre/modules/ExtensionCommon.jsm:804:18
]]
Extension error: TypeError: AvastWRC.bal.sp is undefined moz-extension://98fc2af2-e071-42cc-990b-5112737e3cba/common/scripts/wrc.js 479
[[Exception stack
onSendHeaders@moz-extension://98fc2af2-e071-42cc-990b-5112737e3cba/common/scripts/wrc.js:479:21
Current stack
applySafeWithoutClone@resource://gre/modules/ExtensionCommon.jsm:601:13
fire@resource://gre/modules/ExtensionChild.jsm:1232:41
receiveMessage@resource://gre/modules/ExtensionChild.jsm:1236:17
_callHandlers/<@resource://gre/modules/MessageChannel.jsm:914:29
_callHandlers@resource://gre/modules/MessageChannel.jsm:913:14
_handleMessage/deferred.promise<@resource://gre/modules/MessageChannel.jsm:992:12
_handleMessage@resource://gre/modules/MessageChannel.jsm:989:24
receiveMessage/<@resource://gre/modules/MessageChannel.jsm:225:14
receiveMessage@resource://gre/modules/MessageChannel.jsm:218:10
]]
JavaScript error: , line 0: uncaught exception: undefined
Extension error: TypeError: AvastWRC.bal.sp is undefined moz-extension://98fc2af2-e071-42cc-990b-5112737e3cba/scripts/bs.sp.crx.js 187
[[Exception stack
onTabUpdated/<@moz-extension://98fc2af2-e071-42cc-990b-5112737e3cba/scripts/bs.sp.crx.js:187:21
tabExists/<@moz-extension://98fc2af2-e071-42cc-990b-5112737e3cba/scripts/bs.crx.js:381:30
Current stack
applySafeWithoutClone@resource://gre/modules/ExtensionCommon.jsm:601:13
wrapPromise/<@resource://gre/modules/ExtensionCommon.jsm:804:18
]]
Extension error: TypeError: AvastWRC.bal.sp is undefined moz-extension://98fc2af2-e071-42cc-990b-5112737e3cba/common/scripts/wrc.js 479
[[Exception stack
onSendHeaders@moz-extension://98fc2af2-e071-42cc-990b-5112737e3cba/common/scripts/wrc.js:479:21
Current stack
applySafeWithoutClone@resource://gre/modules/ExtensionCommon.jsm:601:13
fire@resource://gre/modules/ExtensionChild.jsm:1232:41
receiveMessage@resource://gre/modules/ExtensionChild.jsm:1236:17
_callHandlers/<@resource://gre/modules/MessageChannel.jsm:914:29
_callHandlers@resource://gre/modules/MessageChannel.jsm:913:14
_handleMessage/deferred.promise<@resource://gre/modules/MessageChannel.jsm:992:12
_handleMessage@resource://gre/modules/MessageChannel.jsm:989:24
receiveMessage/<@resource://gre/modules/MessageChannel.jsm:225:14
receiveMessage@resource://gre/modules/MessageChannel.jsm:218:10
]]
JavaScript error: , line 0: uncaught exception: undefined
Extension error: TypeError: AvastWRC.bal.sp is undefined moz-extension://98fc2af2-e071-42cc-990b-5112737e3cba/scripts/bs.sp.crx.js 187
[[Exception stack
onTabUpdated/<@moz-extension://98fc2af2-e071-42cc-990b-5112737e3cba/scripts/bs.sp.crx.js:187:21
tabExists/<@moz-extension://98fc2af2-e071-42cc-990b-5112737e3cba/scripts/bs.crx.js:381:30
Current stack
applySafeWithoutClone@resource://gre/modules/ExtensionCommon.jsm:601:13
wrapPromise/<@resource://gre/modules/ExtensionCommon.jsm:804:18
]]
Extension error: TypeError: AvastWRC.bal.sp is undefined moz-extension://98fc2af2-e071-42cc-990b-5112737e3cba/common/scripts/wrc.js 479
[[Exception stack
onSendHeaders@moz-extension://98fc2af2-e071-42cc-990b-5112737e3cba/common/scripts/wrc.js:479:21
Current stack
applySafeWithoutClone@resource://gre/modules/ExtensionCommon.jsm:601:13
fire@resource://gre/modules/ExtensionChild.jsm:1232:41
receiveMessage@resource://gre/modules/ExtensionChild.jsm:1236:17
_callHandlers/<@resource://gre/modules/MessageChannel.jsm:914:29
_callHandlers@resource://gre/modules/MessageChannel.jsm:913:14
_handleMessage/deferred.promise<@resource://gre/modules/MessageChannel.jsm:992:12
_handleMessage@resource://gre/modules/MessageChannel.jsm:989:24
receiveMessage/<@resource://gre/modules/MessageChannel.jsm:225:14
receiveMessage@resource://gre/modules/MessageChannel.jsm:218:10
]]
Extension error: TypeError: AvastWRC.bal.sp is undefined moz-extension://98fc2af2-e071-42cc-990b-5112737e3cba/scripts/bs.sp.crx.js 187
[[Exception stack
onTabUpdated/<@moz-extension://98fc2af2-e071-42cc-990b-5112737e3cba/scripts/bs.sp.crx.js:187:21
tabExists/<@moz-extension://98fc2af2-e071-42cc-990b-5112737e3cba/scripts/bs.crx.js:381:30
Current stack
applySafeWithoutClone@resource://gre/modules/ExtensionCommon.jsm:601:13
wrapPromise/<@resource://gre/modules/ExtensionCommon.jsm:804:18
]]
Extension error: TypeError: AvastWRC.bal.sp is undefined moz-extension://98fc2af2-e071-42cc-990b-5112737e3cba/common/scripts/wrc.js 479
[[Exception stack
onSendHeaders@moz-extension://98fc2af2-e071-42cc-990b-5112737e3cba/common/scripts/wrc.js:479:21
Current stack
applySafeWithoutClone@resource://gre/modules/ExtensionCommon.jsm:601:13
fire@resource://gre/modules/ExtensionChild.jsm:1232:41
receiveMessage@resource://gre/modules/ExtensionChild.jsm:1236:17
_callHandlers/<@resource://gre/modules/MessageChannel.jsm:914:29
_callHandlers@resource://gre/modules/MessageChannel.jsm:913:14
_handleMessage/deferred.promise<@resource://gre/modules/MessageChannel.jsm:992:12
_handleMessage@resource://gre/modules/MessageChannel.jsm:989:24
receiveMessage/<@resource://gre/modules/MessageChannel.jsm:225:14
receiveMessage@resource://gre/modules/MessageChannel.jsm:218:10
]]
Extension error: TypeError: AvastWRC.bal.sp is undefined moz-extension://98fc2af2-e071-42cc-990b-5112737e3cba/scripts/bs.sp.crx.js 187
[[Exception stack
onTabUpdated/<@moz-extension://98fc2af2-e071-42cc-990b-5112737e3cba/scripts/bs.sp.crx.js:187:21
tabExists/<@moz-extension://98fc2af2-e071-42cc-990b-5112737e3cba/scripts/bs.crx.js:381:30
Current stack
applySafeWithoutClone@resource://gre/modules/ExtensionCommon.jsm:601:13
wrapPromise/<@resource://gre/modules/ExtensionCommon.jsm:804:18
]]
Extension error: TypeError: AvastWRC.bal.sp is undefined moz-extension://98fc2af2-e071-42cc-990b-5112737e3cba/scripts/bs.sp.crx.js 187
[[Exception stack
onTabUpdated/<@moz-extension://98fc2af2-e071-42cc-990b-5112737e3cba/scripts/bs.sp.crx.js:187:21
tabExists/<@moz-extension://98fc2af2-e071-42cc-990b-5112737e3cba/scripts/bs.crx.js:381:30
Current stack
applySafeWithoutClone@resource://gre/modules/ExtensionCommon.jsm:601:13
wrapPromise/<@resource://gre/modules/ExtensionCommon.jsm:804:18
]]
Extension error: TypeError: AvastWRC.bal.sp is undefined moz-extension://98fc2af2-e071-42cc-990b-5112737e3cba/scripts/bs.sp.crx.js 187
[[Exception stack
onTabUpdated/<@moz-extension://98fc2af2-e071-42cc-990b-5112737e3cba/scripts/bs.sp.crx.js:187:21
tabExists/<@moz-extension://98fc2af2-e071-42cc-990b-5112737e3cba/scripts/bs.crx.js:381:30
Current stack
applySafeWithoutClone@resource://gre/modules/ExtensionCommon.jsm:601:13
wrapPromise/<@resource://gre/modules/ExtensionCommon.jsm:804:18
]]
Extension error: TypeError: AvastWRC.bal.sp is undefined moz-extension://98fc2af2-e071-42cc-990b-5112737e3cba/scripts/bs.sp.crx.js 187
[[Exception stack
onTabUpdated/<@moz-extension://98fc2af2-e071-42cc-990b-5112737e3cba/scripts/bs.sp.crx.js:187:21
tabExists/<@moz-extension://98fc2af2-e071-42cc-990b-5112737e3cba/scripts/bs.crx.js:381:30
Current stack
applySafeWithoutClone@resource://gre/modules/ExtensionCommon.jsm:601:13
wrapPromise/<@resource://gre/modules/ExtensionCommon.jsm:804:18
]]
JavaScript error: , line 0: uncaught exception: Object
JavaScript error: , line 0: uncaught exception: Object
JavaScript error: , line 0: uncaught exception: Object
JavaScript error: , line 0: uncaught exception: Object
[Parent 6300, Gecko_IOThread] WARNING: pipe error: 109: file z:/task_1575282935/build/src/ipc/chromium/src/chrome/common/ipc_channel_win.cc, line 341
[Parent 6300, Gecko_IOThread] WARNING: pipe error: 109: file z:/task_1575282935/build/src/ipc/chromium/src/chrome/common/ipc_channel_win.cc, line 341
[Parent 6300, Gecko_IOThread] WARNING: pipe error: 109: file z:/task_1575282935/build/src/ipc/chromium/src/chrome/common/ipc_channel_win.cc, line 341
1577177771872	Marionette	INFO	Stopped listening on port 52338

###!!! [Child][RunMessage] Error: Channel closing: too late to send/recv, messages will be lost

[GPU 15860, Chrome_Chil
###!!! [Child][MessageChannel::SendAndWait] Error: Channel error: cannot send/recv

1577177783833	mozrunner::runner	INFO	Running command: "C:\\Program Files (x86)\\Mozilla Firefox\\firefox.exe" "-marionette" "-foreground" "-no-remote" "-profile" "C:\\Users\\DELBER~1\\AppData\\Local\\Temp\\rust_mozprofilef5dWHT"
1577177784596	addons.xpi-utils	WARN	updateMetadata: Add-on anticontainer@downthemall.net is invalid: Error: File C:\Users\Delbert_F\AppData\Local\Temp\rust_mozprofilef5dWHT\extensions\anticontainer@downthemall.net.xpi does not contain a valid manifest(resource://gre/modules/addons/XPIInstall.jsm:670:11) JS Stack trace: loadManifest@XPIInstall.jsm:670:11
awaitPromise@XPIProvider.jsm:226:15
syncLoadManifest@XPIInstall.jsm:754:22
updateMetadata@XPIDatabase.jsm:2817:32
updateExistingAddon@XPIDatabase.jsm:3033:23
processFileChanges@XPIDatabase.jsm:3120:31
checkForChanges@XPIProvider.jsm:2924:55
startup@XPIProvider.jsm:2384:12
callProvider@AddonManager.jsm:215:31
_startProvider@AddonManager.jsm:651:17
startup@AddonManager.jsm:875:14
startup@AddonManager.jsm:3534:26
observe@addonManager.js:87:29
1577177784611	addons.xpi-utils	WARN	updateMetadata: Add-on dta3noaero@vano is invalid: Error: File C:\Users\Delbert_F\AppData\Local\Temp\rust_mozprofilef5dWHT\extensions\dta3noaero@vano.xpi does not contain a valid manifest(resource://gre/modules/addons/XPIInstall.jsm:670:11) JS Stack trace: loadManifest@XPIInstall.jsm:670:11
awaitPromise@XPIProvider.jsm:226:15
syncLoadManifest@XPIInstall.jsm:754:22
updateMetadata@XPIDatabase.jsm:2817:32
updateExistingAddon@XPIDatabase.jsm:3033:23
processFileChanges@XPIDatabase.jsm:3120:31
checkForChanges@XPIProvider.jsm:2924:55
startup@XPIProvider.jsm:2384:12
callProvider@AddonManager.jsm:215:31
_startProvider@AddonManager.jsm:651:17
startup@AddonManager.jsm:875:14
startup@AddonManager.jsm:3534:26
observe@addonManager.js:87:29
1577177785493	addons.webextension.<unknown>	WARN	Loading extension 'null': Reading manifest: Warning processing externally_connectable: An unexpected property was found in the WebExtension manifest.
1577177786324	addons.webextension.screenshots@mozilla.org	WARN	Loading extension 'screenshots@mozilla.org': Reading manifest: Invalid extension permission: mozillaAddons
1577177786324	addons.webextension.screenshots@mozilla.org	WARN	Loading extension 'screenshots@mozilla.org': Reading manifest: Invalid extension permission: telemetry
1577177786325	addons.webextension.screenshots@mozilla.org	WARN	Loading extension 'screenshots@mozilla.org': Reading manifest: Invalid extension permission: resource://pdf.js/
1577177786325	addons.webextension.screenshots@mozilla.org	WARN	Loading extension 'screenshots@mozilla.org': Reading manifest: Invalid extension permission: about:reader*
1577177786562	addons.webextension.<unknown>	WARN	Loading extension 'null': Reading manifest: Warning processing externally_connectable: An unexpected property was found in the WebExtension manifest.
JavaScript error: resource://gre/modules/addons/XPIProvider.jsm, line 1855: Error: Cannot find loader for bootstrap
JavaScript error: resource://gre/modules/addons/XPIProvider.jsm, line 1855: Error: Cannot find loader for bootstrap
1577177787066	addons.webextension.webextension@metamask.io	WARN	Loading extension 'webextension@metamask.io': Reading manifest: Warning processing externally_connectable: An unexpected property was found in the WebExtension manifest.
JavaScript error: resource://gre/modules/XULStore.jsm, line 66: Error: Can't find profile directory.
1577177788552	Marionette	INFO	Listening on port 52656
1577177788592	Marionette	WARN	TLS certificate errors will be ignored for this session
JavaScript warning: moz-extension://2309b926-c5f5-4bf9-b4fa-97773a403fa3/bg-libs.js, line 1: TypeError: asm.js type error: expecting argument type declaration for 'e' of the form 'arg = arg|0' or 'arg = +arg' or 'arg = fround(arg)'
JavaScript warning: moz-extension://2309b926-c5f5-4bf9-b4fa-97773a403fa3/background.js, line 0: Successfully compiled asm.js code (total compilation time 6ms)
JavaScript warning: moz-extension://2309b926-c5f5-4bf9-b4fa-97773a403fa3/background.js, line 0: Successfully compiled asm.js code (total compilation time 25ms)
JavaScript warning: moz-extension://2309b926-c5f5-4bf9-b4fa-97773a403fa3/background.js, line 0: Successfully compiled asm.js code (total compilation time 6ms)
JavaScript warning: moz-extension://2309b926-c5f5-4bf9-b4fa-97773a403fa3/background.js, line 0: Successfully compiled asm.js code (total compilation time 60ms)
JavaScript warning: moz-extension://2309b926-c5f5-4bf9-b4fa-97773a403fa3/background.js, line 0: Successfully compiled asm.js code (total compilation time 1229ms)
JavaScript error: resource://gre/modules/ExtensionUtils.jsm, line 0: Error: DataCloneError: The object could not be cloned.
Extension error: TypeError: AvastWRC.bal.sp is undefined moz-extension://98fc2af2-e071-42cc-990b-5112737e3cba/scripts/bs.sp.crx.js 187
[[Exception stack
onTabUpdated/<@moz-extension://98fc2af2-e071-42cc-990b-5112737e3cba/scripts/bs.sp.crx.js:187:21
tabExists/<@moz-extension://98fc2af2-e071-42cc-990b-5112737e3cba/scripts/bs.crx.js:381:30
Current stack
applySafeWithoutClone@resource://gre/modules/ExtensionCommon.jsm:601:13
wrapPromise/<@resource://gre/modules/ExtensionCommon.jsm:804:18
]]
Extension error: TypeError: AvastWRC.bal.sp is undefined moz-extension://98fc2af2-e071-42cc-990b-5112737e3cba/common/scripts/wrc.js 479
[[Exception stack
onSendHeaders@moz-extension://98fc2af2-e071-42cc-990b-5112737e3cba/common/scripts/wrc.js:479:21
Current stack
applySafeWithoutClone@resource://gre/modules/ExtensionCommon.jsm:601:13
fire@resource://gre/modules/ExtensionChild.jsm:1232:41
receiveMessage@resource://gre/modules/ExtensionChild.jsm:1236:17
_callHandlers/<@resource://gre/modules/MessageChannel.jsm:914:29
_callHandlers@resource://gre/modules/MessageChannel.jsm:913:14
_handleMessage/deferred.promise<@resource://gre/modules/MessageChannel.jsm:992:12
_handleMessage@resource://gre/modules/MessageChannel.jsm:989:24
receiveMessage/<@resource://gre/modules/MessageChannel.jsm:225:14
receiveMessage@resource://gre/modules/MessageChannel.jsm:218:10
]]
JavaScript error: , line 0: uncaught exception: undefined
Extension error: TypeError: AvastWRC.bal.sp is undefined moz-extension://98fc2af2-e071-42cc-990b-5112737e3cba/scripts/bs.sp.crx.js 187
[[Exception stack
onTabUpdated/<@moz-extension://98fc2af2-e071-42cc-990b-5112737e3cba/scripts/bs.sp.crx.js:187:21
tabExists/<@moz-extension://98fc2af2-e071-42cc-990b-5112737e3cba/scripts/bs.crx.js:381:30
Current stack
applySafeWithoutClone@resource://gre/modules/ExtensionCommon.jsm:601:13
wrapPromise/<@resource://gre/modules/ExtensionCommon.jsm:804:18
]]
Extension error: TypeError: AvastWRC.bal.sp is undefined moz-extension://98fc2af2-e071-42cc-990b-5112737e3cba/common/scripts/wrc.js 479
[[Exception stack
onSendHeaders@moz-extension://98fc2af2-e071-42cc-990b-5112737e3cba/common/scripts/wrc.js:479:21
Current stack
applySafeWithoutClone@resource://gre/modules/ExtensionCommon.jsm:601:13
fire@resource://gre/modules/ExtensionChild.jsm:1232:41
receiveMessage@resource://gre/modules/ExtensionChild.jsm:1236:17
_callHandlers/<@resource://gre/modules/MessageChannel.jsm:914:29
_callHandlers@resource://gre/modules/MessageChannel.jsm:913:14
_handleMessage/deferred.promise<@resource://gre/modules/MessageChannel.jsm:992:12
_handleMessage@resource://gre/modules/MessageChannel.jsm:989:24
receiveMessage/<@resource://gre/modules/MessageChannel.jsm:225:14
receiveMessage@resource://gre/modules/MessageChannel.jsm:218:10
]]
JavaScript error: , line 0: uncaught exception: Object
JavaScript error: , line 0: uncaught exception: undefined
Extension error: TypeError: AvastWRC.bal.sp is undefined moz-extension://98fc2af2-e071-42cc-990b-5112737e3cba/scripts/bs.sp.crx.js 187
[[Exception stack
onTabUpdated/<@moz-extension://98fc2af2-e071-42cc-990b-5112737e3cba/scripts/bs.sp.crx.js:187:21
tabExists/<@moz-extension://98fc2af2-e071-42cc-990b-5112737e3cba/scripts/bs.crx.js:381:30
Current stack
applySafeWithoutClone@resource://gre/modules/ExtensionCommon.jsm:601:13
wrapPromise/<@resource://gre/modules/ExtensionCommon.jsm:804:18
]]
Extension error: TypeError: AvastWRC.bal.sp is undefined moz-extension://98fc2af2-e071-42cc-990b-5112737e3cba/common/scripts/wrc.js 479
[[Exception stack
onSendHeaders@moz-extension://98fc2af2-e071-42cc-990b-5112737e3cba/common/scripts/wrc.js:479:21
Current stack
applySafeWithoutClone@resource://gre/modules/ExtensionCommon.jsm:601:13
fire@resource://gre/modules/ExtensionChild.jsm:1232:41
receiveMessage@resource://gre/modules/ExtensionChild.jsm:1236:17
_callHandlers/<@resource://gre/modules/MessageChannel.jsm:914:29
_callHandlers@resource://gre/modules/MessageChannel.jsm:913:14
_handleMessage/deferred.promise<@resource://gre/modules/MessageChannel.jsm:992:12
_handleMessage@resource://gre/modules/MessageChannel.jsm:989:24
receiveMessage/<@resource://gre/modules/MessageChannel.jsm:225:14
receiveMessage@resource://gre/modules/MessageChannel.jsm:218:10
]]
Extension error: TypeError: AvastWRC.bal.sp is undefined moz-extension://98fc2af2-e071-42cc-990b-5112737e3cba/scripts/bs.sp.crx.js 187
[[Exception stack
onTabUpdated/<@moz-extension://98fc2af2-e071-42cc-990b-5112737e3cba/scripts/bs.sp.crx.js:187:21
tabExists/<@moz-extension://98fc2af2-e071-42cc-990b-5112737e3cba/scripts/bs.crx.js:381:30
Current stack
applySafeWithoutClone@resource://gre/modules/ExtensionCommon.jsm:601:13
wrapPromise/<@resource://gre/modules/ExtensionCommon.jsm:804:18
]]
1577178127317	mozrunner::runner	INFO	Running command: "C:\\Program Files (x86)\\Mozilla Firefox\\firefox.exe" "-marionette" "-foreground" "-no-remote" "-profile" "C:\\Users\\DELBER~1\\AppData\\Local\\Temp\\rust_mozprofilebo4A2Q"
1577178128091	addons.xpi-utils	WARN	updateMetadata: Add-on anticontainer@downthemall.net is invalid: Error: File C:\Users\Delbert_F\AppData\Local\Temp\rust_mozprofilebo4A2Q\extensions\anticontainer@downthemall.net.xpi does not contain a valid manifest(resource://gre/modules/addons/XPIInstall.jsm:670:11) JS Stack trace: loadManifest@XPIInstall.jsm:670:11
awaitPromise@XPIProvider.jsm:226:15
syncLoadManifest@XPIInstall.jsm:754:22
updateMetadata@XPIDatabase.jsm:2817:32
updateExistingAddon@XPIDatabase.jsm:3033:23
processFileChanges@XPIDatabase.jsm:3120:31
checkForChanges@XPIProvider.jsm:2924:55
startup@XPIProvider.jsm:2384:12
callProvider@AddonManager.jsm:215:31
_startProvider@AddonManager.jsm:651:17
startup@AddonManager.jsm:875:14
startup@AddonManager.jsm:3534:26
observe@addonManager.js:87:29
1577178128106	addons.xpi-utils	WARN	updateMetadata: Add-on dta3noaero@vano is invalid: Error: File C:\Users\Delbert_F\AppData\Local\Temp\rust_mozprofilebo4A2Q\extensions\dta3noaero@vano.xpi does not contain a valid manifest(resource://gre/modules/addons/XPIInstall.jsm:670:11) JS Stack trace: loadManifest@XPIInstall.jsm:670:11
awaitPromise@XPIProvider.jsm:226:15
syncLoadManifest@XPIInstall.jsm:754:22
updateMetadata@XPIDatabase.jsm:2817:32
updateExistingAddon@XPIDatabase.jsm:3033:23
processFileChanges@XPIDatabase.jsm:3120:31
checkForChanges@XPIProvider.jsm:2924:55
startup@XPIProvider.jsm:2384:12
callProvider@AddonManager.jsm:215:31
_startProvider@AddonManager.jsm:651:17
startup@AddonManager.jsm:875:14
startup@AddonManager.jsm:3534:26
observe@addonManager.js:87:29
1577178129086	addons.webextension.<unknown>	WARN	Loading extension 'null': Reading manifest: Warning processing externally_connectable: An unexpected property was found in the WebExtension manifest.
1577178129964	addons.webextension.screenshots@mozilla.org	WARN	Loading extension 'screenshots@mozilla.org': Reading manifest: Invalid extension permission: mozillaAddons
1577178129964	addons.webextension.screenshots@mozilla.org	WARN	Loading extension 'screenshots@mozilla.org': Reading manifest: Invalid extension permission: telemetry
1577178129964	addons.webextension.screenshots@mozilla.org	WARN	Loading extension 'screenshots@mozilla.org': Reading manifest: Invalid extension permission: resource://pdf.js/
1577178129964	addons.webextension.screenshots@mozilla.org	WARN	Loading extension 'screenshots@mozilla.org': Reading manifest: Invalid extension permission: about:reader*
1577178130191	addons.webextension.<unknown>	WARN	Loading extension 'null': Reading manifest: Warning processing externally_connectable: An unexpected property was found in the WebExtension manifest.
JavaScript error: resource://gre/modules/addons/XPIProvider.jsm, line 1855: Error: Cannot find loader for bootstrap
JavaScript error: resource://gre/modules/addons/XPIProvider.jsm, line 1855: Error: Cannot find loader for bootstrap
1577178130757	addons.webextension.webextension@metamask.io	WARN	Loading extension 'webextension@metamask.io': Reading manifest: Warning processing externally_connectable: An unexpected property was found in the WebExtension manifest.
JavaScript error: resource://gre/modules/XULStore.jsm, line 66: Error: Can't find profile directory.
1577178132522	Marionette	INFO	Listening on port 53014
1577178132566	Marionette	WARN	TLS certificate errors will be ignored for this session
JavaScript warning: moz-extension://2309b926-c5f5-4bf9-b4fa-97773a403fa3/bg-libs.js, line 1: TypeError: asm.js type error: expecting argument type declaration for 'e' of the form 'arg = arg|0' or 'arg = +arg' or 'arg = fround(arg)'
JavaScript warning: moz-extension://2309b926-c5f5-4bf9-b4fa-97773a403fa3/background.js, line 0: Successfully compiled asm.js code (total compilation time 4ms)
JavaScript warning: moz-extension://2309b926-c5f5-4bf9-b4fa-97773a403fa3/background.js, line 0: Successfully compiled asm.js code (total compilation time 19ms)
JavaScript warning: moz-extension://2309b926-c5f5-4bf9-b4fa-97773a403fa3/background.js, line 0: Successfully compiled asm.js code (total compilation time 6ms)
JavaScript warning: moz-extension://2309b926-c5f5-4bf9-b4fa-97773a403fa3/background.js, line 0: Successfully compiled asm.js code (total compilation time 109ms)
JavaScript warning: moz-extension://2309b926-c5f5-4bf9-b4fa-97773a403fa3/background.js, line 0: Successfully compiled asm.js code (total compilation time 1464ms)
JavaScript error: resource://gre/modules/ExtensionUtils.jsm, line 0: Error: DataCloneError: The object could not be cloned.
Extension error: TypeError: AvastWRC.bal.sp is undefined moz-extension://98fc2af2-e071-42cc-990b-5112737e3cba/scripts/bs.sp.crx.js 187
[[Exception stack
onTabUpdated/<@moz-extension://98fc2af2-e071-42cc-990b-5112737e3cba/scripts/bs.sp.crx.js:187:21
tabExists/<@moz-extension://98fc2af2-e071-42cc-990b-5112737e3cba/scripts/bs.crx.js:381:30
Current stack
applySafeWithoutClone@resource://gre/modules/ExtensionCommon.jsm:601:13
wrapPromise/<@resource://gre/modules/ExtensionCommon.jsm:804:18
]]
JavaScript error: , line 0: uncaught exception: undefined
JavaScript error: , line 0: uncaught exception: Object
JavaScript error: , line 0: uncaught exception: undefined
Extension error: TypeError: AvastWRC.bal.sp is undefined moz-extension://98fc2af2-e071-42cc-990b-5112737e3cba/common/scripts/wrc.js 479
[[Exception stack
onSendHeaders@moz-extension://98fc2af2-e071-42cc-990b-5112737e3cba/common/scripts/wrc.js:479:21
Current stack
applySafeWithoutClone@resource://gre/modules/ExtensionCommon.jsm:601:13
fire@resource://gre/modules/ExtensionChild.jsm:1232:41
receiveMessage@resource://gre/modules/ExtensionChild.jsm:1236:17
_callHandlers/<@resource://gre/modules/MessageChannel.jsm:914:29
_callHandlers@resource://gre/modules/MessageChannel.jsm:913:14
_handleMessage/deferred.promise<@resource://gre/modules/MessageChannel.jsm:992:12
_handleMessage@resource://gre/modules/MessageChannel.jsm:989:24
receiveMessage/<@resource://gre/modules/MessageChannel.jsm:225:14
receiveMessage@resource://gre/modules/MessageChannel.jsm:218:10
]]
Extension error: TypeError: AvastWRC.bal.sp is undefined moz-extension://98fc2af2-e071-42cc-990b-5112737e3cba/scripts/bs.sp.crx.js 187
[[Exception stack
onTabUpdated/<@moz-extension://98fc2af2-e071-42cc-990b-5112737e3cba/scripts/bs.sp.crx.js:187:21
tabExists/<@moz-extension://98fc2af2-e071-42cc-990b-5112737e3cba/scripts/bs.crx.js:381:30
Current stack
applySafeWithoutClone@resource://gre/modules/ExtensionCommon.jsm:601:13
wrapPromise/<@resource://gre/modules/ExtensionCommon.jsm:804:18
]]
Extension error: TypeError: AvastWRC.bal.sp is undefined moz-extension://98fc2af2-e071-42cc-990b-5112737e3cba/common/scripts/wrc.js 479
[[Exception stack
onSendHeaders@moz-extension://98fc2af2-e071-42cc-990b-5112737e3cba/common/scripts/wrc.js:479:21
Current stack
applySafeWithoutClone@resource://gre/modules/ExtensionCommon.jsm:601:13
fire@resource://gre/modules/ExtensionChild.jsm:1232:41
receiveMessage@resource://gre/modules/ExtensionChild.jsm:1236:17
_callHandlers/<@resource://gre/modules/MessageChannel.jsm:914:29
_callHandlers@resource://gre/modules/MessageChannel.jsm:913:14
_handleMessage/deferred.promise<@resource://gre/modules/MessageChannel.jsm:992:12
_handleMessage@resource://gre/modules/MessageChannel.jsm:989:24
receiveMessage/<@resource://gre/modules/MessageChannel.jsm:225:14
receiveMessage@resource://gre/modules/MessageChannel.jsm:218:10
]]
JavaScript error: , line 0: uncaught exception: undefined
JavaScript error: , line 0: uncaught exception: undefined
JavaScript error: , line 0: uncaught exception: Object
Extension error: TypeError: AvastWRC.bal.sp is undefined moz-extension://98fc2af2-e071-42cc-990b-5112737e3cba/scripts/bs.sp.crx.js 187
[[Exception stack
onTabUpdated/<@moz-extension://98fc2af2-e071-42cc-990b-5112737e3cba/scripts/bs.sp.crx.js:187:21
tabExists/<@moz-extension://98fc2af2-e071-42cc-990b-5112737e3cba/scripts/bs.crx.js:381:30
Current stack
applySafeWithoutClone@resource://gre/modules/ExtensionCommon.jsm:601:13
wrapPromise/<@resource://gre/modules/ExtensionCommon.jsm:804:18
]]
Extension error: TypeError: AvastWRC.bal.sp is undefined moz-extension://98fc2af2-e071-42cc-990b-5112737e3cba/common/scripts/wrc.js 479
[[Exception stack
onSendHeaders@moz-extension://98fc2af2-e071-42cc-990b-5112737e3cba/common/scripts/wrc.js:479:21
Current stack
applySafeWithoutClone@resource://gre/modules/ExtensionCommon.jsm:601:13
fire@resource://gre/modules/ExtensionChild.jsm:1232:41
receiveMessage@resource://gre/modules/ExtensionChild.jsm:1236:17
_callHandlers/<@resource://gre/modules/MessageChannel.jsm:914:29
_callHandlers@resource://gre/modules/MessageChannel.jsm:913:14
_handleMessage/deferred.promise<@resource://gre/modules/MessageChannel.jsm:992:12
_handleMessage@resource://gre/modules/MessageChannel.jsm:989:24
receiveMessage/<@resource://gre/modules/MessageChannel.jsm:225:14
receiveMessage@resource://gre/modules/MessageChannel.jsm:218:10
]]
JavaScript error: , line 0: uncaught exception: undefined
Extension error: TypeError: AvastWRC.bal.sp is undefined moz-extension://98fc2af2-e071-42cc-990b-5112737e3cba/scripts/bs.sp.crx.js 187
[[Exception stack
onTabUpdated/<@moz-extension://98fc2af2-e071-42cc-990b-5112737e3cba/scripts/bs.sp.crx.js:187:21
tabExists/<@moz-extension://98fc2af2-e071-42cc-990b-5112737e3cba/scripts/bs.crx.js:381:30
Current stack
applySafeWithoutClone@resource://gre/modules/ExtensionCommon.jsm:601:13
wrapPromise/<@resource://gre/modules/ExtensionCommon.jsm:804:18
]]
1577178184029	Marionette	WARN	TimedPromise timed out after 500 ms: stacktrace:
bail@chrome://marionette/content/sync.js:237:64
JavaScript error: , line 0: uncaught exception: Object
JavaScript error: , line 0: uncaught exception: Object
[Parent 7588, Gecko_IOThread] WARNING: pipe error: 109: file z:/task_1575282935/build/src/ipc/chromium/src/chrome/common/ipc_channel_win.cc, line 341
[Child 10556, Chrome_ChildThread] WARNING: pipe error: 109: file z:/task_1575282935/build/src/ipc/chromium/src/chrome/common/ipc_channel_win.cc, line 341
[Child 10556, [Child 7920, Chrome_ChildThread] WARNING: pipe error: 109: file z:/task_1575282935/build/src/ipc/chromium/src/chrome/common/ipc_channel_win.cc, line 341
[Child 7920[Parent 7588, Gecko_IOThread] WARNING: pipe error: 109: file z:/task_1575282935/build/src/ipc/chromium/src/chrome/common/ipc_channel_win.cc, line 341
[Child 13472, Chrome_ChildThread] WARNING: pipe error: 109: file z:/task_1575282935/build/src/ipc/chromium/src/chrome/common/ipc_channel_win.cc, line 341
[Ch1577178528784	Marionette	INFO	Stopped listening on port 53014

###!!! [Child][MessageChannel::SendAndWait] Error: Channel error: cannot send/recv

1577178556450	mozrunner::runner	INFO	Running command: "C:\\Program Files (x86)\\Mozilla Firefox\\firefox.exe" "-marionette" "-foreground" "-no-remote" "-profile" "C:\\Users\\DELBER~1\\AppData\\Local\\Temp\\rust_mozprofilevK8iNQ"
1577178557178	addons.xpi-utils	WARN	updateMetadata: Add-on anticontainer@downthemall.net is invalid: Error: File C:\Users\Delbert_F\AppData\Local\Temp\rust_mozprofilevK8iNQ\extensions\anticontainer@downthemall.net.xpi does not contain a valid manifest(resource://gre/modules/addons/XPIInstall.jsm:670:11) JS Stack trace: loadManifest@XPIInstall.jsm:670:11
awaitPromise@XPIProvider.jsm:226:15
syncLoadManifest@XPIInstall.jsm:754:22
updateMetadata@XPIDatabase.jsm:2817:32
updateExistingAddon@XPIDatabase.jsm:3033:23
processFileChanges@XPIDatabase.jsm:3120:31
checkForChanges@XPIProvider.jsm:2924:55
startup@XPIProvider.jsm:2384:12
callProvider@AddonManager.jsm:215:31
_startProvider@AddonManager.jsm:651:17
startup@AddonManager.jsm:875:14
startup@AddonManager.jsm:3534:26
observe@addonManager.js:87:29
1577178557193	addons.xpi-utils	WARN	updateMetadata: Add-on dta3noaero@vano is invalid: Error: File C:\Users\Delbert_F\AppData\Local\Temp\rust_mozprofilevK8iNQ\extensions\dta3noaero@vano.xpi does not contain a valid manifest(resource://gre/modules/addons/XPIInstall.jsm:670:11) JS Stack trace: loadManifest@XPIInstall.jsm:670:11
awaitPromise@XPIProvider.jsm:226:15
syncLoadManifest@XPIInstall.jsm:754:22
updateMetadata@XPIDatabase.jsm:2817:32
updateExistingAddon@XPIDatabase.jsm:3033:23
processFileChanges@XPIDatabase.jsm:3120:31
checkForChanges@XPIProvider.jsm:2924:55
startup@XPIProvider.jsm:2384:12
callProvider@AddonManager.jsm:215:31
_startProvider@AddonManager.jsm:651:17
startup@AddonManager.jsm:875:14
startup@AddonManager.jsm:3534:26
observe@addonManager.js:87:29
1577178558136	addons.webextension.<unknown>	WARN	Loading extension 'null': Reading manifest: Warning processing externally_connectable: An unexpected property was found in the WebExtension manifest.
1577178559011	addons.webextension.screenshots@mozilla.org	WARN	Loading extension 'screenshots@mozilla.org': Reading manifest: Invalid extension permission: mozillaAddons
1577178559011	addons.webextension.screenshots@mozilla.org	WARN	Loading extension 'screenshots@mozilla.org': Reading manifest: Invalid extension permission: telemetry
1577178559012	addons.webextension.screenshots@mozilla.org	WARN	Loading extension 'screenshots@mozilla.org': Reading manifest: Invalid extension permission: resource://pdf.js/
1577178559012	addons.webextension.screenshots@mozilla.org	WARN	Loading extension 'screenshots@mozilla.org': Reading manifest: Invalid extension permission: about:reader*
1577178559250	addons.webextension.<unknown>	WARN	Loading extension 'null': Reading manifest: Warning processing externally_connectable: An unexpected property was found in the WebExtension manifest.
JavaScript error: resource://gre/modules/addons/XPIProvider.jsm, line 1855: Error: Cannot find loader for bootstrap
JavaScript error: resource://gre/modules/addons/XPIProvider.jsm, line 1855: Error: Cannot find loader for bootstrap
1577178559791	addons.webextension.webextension@metamask.io	WARN	Loading extension 'webextension@metamask.io': Reading manifest: Warning processing externally_connectable: An unexpected property was found in the WebExtension manifest.
JavaScript error: resource://gre/modules/XULStore.jsm, line 66: Error: Can't find profile directory.
1577178561307	Marionette	INFO	Listening on port 53514
1577178561695	Marionette	WARN	TLS certificate errors will be ignored for this session
JavaScript warning: moz-extension://2309b926-c5f5-4bf9-b4fa-97773a403fa3/bg-libs.js, line 1: TypeError: asm.js type error: expecting argument type declaration for 'e' of the form 'arg = arg|0' or 'arg = +arg' or 'arg = fround(arg)'
JavaScript warning: moz-extension://2309b926-c5f5-4bf9-b4fa-97773a403fa3/background.js, line 0: Successfully compiled asm.js code (total compilation time 2ms)
JavaScript warning: moz-extension://2309b926-c5f5-4bf9-b4fa-97773a403fa3/background.js, line 0: Successfully compiled asm.js code (total compilation time 15ms)
JavaScript warning: moz-extension://2309b926-c5f5-4bf9-b4fa-97773a403fa3/background.js, line 0: Successfully compiled asm.js code (total compilation time 9ms)
JavaScript warning: moz-extension://2309b926-c5f5-4bf9-b4fa-97773a403fa3/background.js, line 0: Successfully compiled asm.js code (total compilation time 38ms)
JavaScript warning: moz-extension://2309b926-c5f5-4bf9-b4fa-97773a403fa3/background.js, line 0: Successfully compiled asm.js code (total compilation time 1234ms)
JavaScript error: resource://gre/modules/ExtensionUtils.jsm, line 0: Error: DataCloneError: The object could not be cloned.
Extension error: TypeError: AvastWRC.bal.sp is undefined moz-extension://98fc2af2-e071-42cc-990b-5112737e3cba/scripts/bs.sp.crx.js 187
[[Exception stack
onTabUpdated/<@moz-extension://98fc2af2-e071-42cc-990b-5112737e3cba/scripts/bs.sp.crx.js:187:21
tabExists/<@moz-extension://98fc2af2-e071-42cc-990b-5112737e3cba/scripts/bs.crx.js:381:30
Current stack
applySafeWithoutClone@resource://gre/modules/ExtensionCommon.jsm:601:13
wrapPromise/<@resource://gre/modules/ExtensionCommon.jsm:804:18
]]
1577178591663	Marionette	WARN	TimedPromise timed out after 500 ms: stacktrace:
bail@chrome://marionette/content/sync.js:237:64
Extension error: TypeError: AvastWRC.bal.sp is undefined moz-extension://98fc2af2-e071-42cc-990b-5112737e3cba/common/scripts/wrc.js 479
[[Exception stack
onSendHeaders@moz-extension://98fc2af2-e071-42cc-990b-5112737e3cba/common/scripts/wrc.js:479:21
Current stack
applySafeWithoutClone@resource://gre/modules/ExtensionCommon.jsm:601:13
fire@resource://gre/modules/ExtensionChild.jsm:1232:41
receiveMessage@resource://gre/modules/ExtensionChild.jsm:1236:17
_callHandlers/<@resource://gre/modules/MessageChannel.jsm:914:29
_callHandlers@resource://gre/modules/MessageChannel.jsm:913:14
_handleMessage/deferred.promise<@resource://gre/modules/MessageChannel.jsm:992:12
_handleMessage@resource://gre/modules/MessageChannel.jsm:989:24
receiveMessage/<@resource://gre/modules/MessageChannel.jsm:225:14
receiveMessage@resource://gre/modules/MessageChannel.jsm:218:10
]]
Extension error: TypeError: AvastWRC.bal.sp is undefined moz-extension://98fc2af2-e071-42cc-990b-5112737e3cba/scripts/bs.sp.crx.js 187
[[Exception stack
onTabUpdated/<@moz-extension://98fc2af2-e071-42cc-990b-5112737e3cba/scripts/bs.sp.crx.js:187:21
tabExists/<@moz-extension://98fc2af2-e071-42cc-990b-5112737e3cba/scripts/bs.crx.js:381:30
Current stack
applySafeWithoutClone@resource://gre/modules/ExtensionCommon.jsm:601:13
wrapPromise/<@resource://gre/modules/ExtensionCommon.jsm:804:18
]]
Extension error: TypeError: AvastWRC.bal.sp is undefined moz-extension://98fc2af2-e071-42cc-990b-5112737e3cba/scripts/bs.sp.crx.js 187
[[Exception stack
onTabUpdated/<@moz-extension://98fc2af2-e071-42cc-990b-5112737e3cba/scripts/bs.sp.crx.js:187:21
tabExists/<@moz-extension://98fc2af2-e071-42cc-990b-5112737e3cba/scripts/bs.crx.js:381:30
Current stack
applySafeWithoutClone@resource://gre/modules/ExtensionCommon.jsm:601:13
wrapPromise/<@resource://gre/modules/ExtensionCommon.jsm:804:18
]]
